[debug] [2020-01-07T05:05:16.561Z] ----------------------------------------------------------------------
[debug] [2020-01-07T05:05:16.563Z] Command:       C:\Program Files\nodejs\node.exe C:\Users\Олег\AppData\Roaming\npm\node_modules\firebase-tools\lib\bin\firebase.js serve --only functions
[debug] [2020-01-07T05:05:16.563Z] CLI Version:   7.11.0
[debug] [2020-01-07T05:05:16.563Z] Platform:      win32
[debug] [2020-01-07T05:05:16.563Z] Node Version:  v10.15.3
[debug] [2020-01-07T05:05:16.564Z] Time:          Tue Jan 07 2020 08:05:16 GMT+0300 (Moscow Standard Time)
[debug] [2020-01-07T05:05:16.564Z] ----------------------------------------------------------------------
[debug] [2020-01-07T05:05:16.564Z] 
[debug] [2020-01-07T05:05:16.577Z] > command requires scopes: ["email","openid","https://www.googleapis.com/auth/cloudplatformprojects.readonly","https://www.googleapis.com/auth/firebase","https://www.googleapis.com/auth/cloud-platform"]
[debug] [2020-01-07T05:05:16.577Z] > authorizing via signed-in user
[debug] [2020-01-07T05:05:16.578Z] [iam] checking project chat-app-12a4f for permissions ["firebase.projects.get"]
[debug] [2020-01-07T05:05:16.579Z] > refreshing access token with scopes: ["email","https://www.googleapis.com/auth/cloud-platform","https://www.googleapis.com/auth/cloudplatformprojects.readonly","https://www.googleapis.com/auth/firebase","openid"]
[debug] [2020-01-07T05:05:16.579Z] >>> HTTP REQUEST POST https://www.googleapis.com/oauth2/v3/token  
 <request body omitted>
[debug] [2020-01-07T05:05:16.783Z] <<< HTTP RESPONSE 200
[debug] [2020-01-07T05:05:16.787Z] >>> HTTP REQUEST POST https://cloudresourcemanager.googleapis.com/v1/projects/chat-app-12a4f:testIamPermissions  

[debug] [2020-01-07T05:05:17.895Z] <<< HTTP RESPONSE 200
[debug] [2020-01-07T05:05:17.899Z] >>> HTTP REQUEST GET https://firebase.googleapis.com/v1beta1/projects/chat-app-12a4f  
 
[debug] [2020-01-07T05:05:18.271Z] <<< HTTP RESPONSE 200
[warn] !  Your requested "node" version "8" doesn't match your global version "10"
[info] +  functions: Emulator started at http://localhost:5000
[info] i  functions: Watching "X:\firebase_chat\functions" for Cloud Functions...
[debug] [2020-01-07T05:05:19.796Z] [worker-pool] addWorker(~diagnostic~)
[debug] [2020-01-07T05:05:19.797Z] [worker-pool] Adding worker with key ~diagnostic~, total=1
[debug] [2020-01-07T05:05:19.797Z] [worker-pool] submitWork(triggerId=)
[debug] [2020-01-07T05:05:19.797Z] [worker-~diagnostic~-2c9c4834-88e4-45f0-9c9e-e4847706db53]: Assigning socketPath: \\?\pipe\X:\firebase_chat\functions\14168
[debug] [2020-01-07T05:05:19.797Z] [worker-~diagnostic~-2c9c4834-88e4-45f0-9c9e-e4847706db53]: BUSY
[debug] [2020-01-07T05:05:20.248Z] [runtime-status] [14168] Functions runtime initialized. {"cwd":"X:\\firebase_chat\\functions","node_version":"10.15.3"}
[debug] [2020-01-07T05:05:20.249Z] [runtime-status] [14168] Disabled runtime features: {"functions_config_helper":true,"network_filtering":true,"timeout":true,"memory_limiting":true,"admin_stubs":true,"pubsub_emulator":true}
[warn] !  The Cloud Functions emulator requires the module "firebase-admin" to be installed. This package is in your package.json, but it's not available. You probably need to run "npm install" in your functions directory.
[info] i  functions: Your functions could not be parsed due to an issue with your node_modules (see above)
[debug] [2020-01-07T05:05:20.270Z] [worker-~diagnostic~-2c9c4834-88e4-45f0-9c9e-e4847706db53]: exited
[debug] [2020-01-07T05:05:20.270Z] [worker-~diagnostic~-2c9c4834-88e4-45f0-9c9e-e4847706db53]: FINISHED
[debug] [2020-01-07T05:09:11.028Z] ----------------------------------------------------------------------
[debug] [2020-01-07T05:09:11.030Z] Command:       C:\Program Files\nodejs\node.exe C:\Users\Олег\AppData\Roaming\npm\node_modules\firebase-tools\lib\bin\firebase.js serve --only functions
[debug] [2020-01-07T05:09:11.030Z] CLI Version:   7.11.0
[debug] [2020-01-07T05:09:11.030Z] Platform:      win32
[debug] [2020-01-07T05:09:11.030Z] Node Version:  v10.15.3
[debug] [2020-01-07T05:09:11.031Z] Time:          Tue Jan 07 2020 08:09:11 GMT+0300 (Moscow Standard Time)
[debug] [2020-01-07T05:09:11.031Z] ----------------------------------------------------------------------
[debug] [2020-01-07T05:09:11.031Z] 
[debug] [2020-01-07T05:09:11.041Z] > command requires scopes: ["email","openid","https://www.googleapis.com/auth/cloudplatformprojects.readonly","https://www.googleapis.com/auth/firebase","https://www.googleapis.com/auth/cloud-platform"]
[debug] [2020-01-07T05:09:11.041Z] > authorizing via signed-in user
[debug] [2020-01-07T05:09:11.041Z] [iam] checking project chat-app-12a4f for permissions ["firebase.projects.get"]
[debug] [2020-01-07T05:09:11.043Z] >>> HTTP REQUEST POST https://cloudresourcemanager.googleapis.com/v1/projects/chat-app-12a4f:testIamPermissions  

[debug] [2020-01-07T05:09:12.123Z] <<< HTTP RESPONSE 200
[debug] [2020-01-07T05:09:12.125Z] >>> HTTP REQUEST GET https://firebase.googleapis.com/v1beta1/projects/chat-app-12a4f  
 
[debug] [2020-01-07T05:09:12.395Z] <<< HTTP RESPONSE 200
[warn] !  Your requested "node" version "8" doesn't match your global version "10"
[info] +  functions: Emulator started at http://localhost:5000
[info] i  functions: Watching "X:\firebase_chat\functions" for Cloud Functions...
[debug] [2020-01-07T05:09:13.930Z] [worker-pool] addWorker(~diagnostic~)
[debug] [2020-01-07T05:09:13.930Z] [worker-pool] Adding worker with key ~diagnostic~, total=1
[debug] [2020-01-07T05:09:13.930Z] [worker-pool] submitWork(triggerId=)
[debug] [2020-01-07T05:09:13.930Z] [worker-~diagnostic~-fd4c0316-b319-4f4b-8e2a-d955c30ec582]: Assigning socketPath: \\?\pipe\X:\firebase_chat\functions\11756
[debug] [2020-01-07T05:09:13.931Z] [worker-~diagnostic~-fd4c0316-b319-4f4b-8e2a-d955c30ec582]: BUSY
[debug] [2020-01-07T05:09:14.344Z] [runtime-status] [11756] Functions runtime initialized. {"cwd":"X:\\firebase_chat\\functions","node_version":"10.15.3"}
[debug] [2020-01-07T05:09:14.345Z] [runtime-status] [11756] Disabled runtime features: {"functions_config_helper":true,"network_filtering":true,"timeout":true,"memory_limiting":true,"admin_stubs":true,"pubsub_emulator":true}
[warn] !  The Cloud Functions emulator requires the module "firebase-admin" to be installed. This package is in your package.json, but it's not available. You probably need to run "npm install" in your functions directory.
[info] i  functions: Your functions could not be parsed due to an issue with your node_modules (see above)
[debug] [2020-01-07T05:09:14.364Z] [worker-~diagnostic~-fd4c0316-b319-4f4b-8e2a-d955c30ec582]: exited
[debug] [2020-01-07T05:09:14.364Z] [worker-~diagnostic~-fd4c0316-b319-4f4b-8e2a-d955c30ec582]: FINISHED
